<?xml version="1.0" encoding="UTF-8"?>
<!-- Generated by org.testng.reporters.JUnitXMLReporter -->
<testsuite ignored="1" hostname="DESKTOP-P148TE0" failures="0" tests="1" name="Default test" time="12.208" errors="0" timestamp="2024-03-27T21:30:23 EET">
  <testcase classname="myTestCases.myTestCasess" name="pressonAllNumbersOnlyNumbers" time="12.176"/>
  <testcase classname="myTestCases.myTestCasess" name="myTest" time="0.0">
    <ignored/>
  </testcase> <!-- myTest -->
</testsuite> <!-- Default test -->
