<?xml version="1.0" encoding="UTF-8"?>
<testng-results ignored="1" total="2" passed="1" failed="0" skipped="0">
  <reporter-output>
  </reporter-output>
  <suite started-at="2024-03-27T21:30:11 EET" name="Default suite" finished-at="2024-03-27T21:30:23 EET" duration-ms="12208">
    <groups>
    </groups>
    <test started-at="2024-03-27T21:30:11 EET" name="Default test" finished-at="2024-03-27T21:30:23 EET" duration-ms="12208">
      <class name="myTestCases.myTestCasess">
        <test-method is-config="true" signature="mySetup()[pri:0, instance:myTestCases.myTestCasess@4a883b15]" started-at="2024-03-27T21:30:11 EET" name="mySetup" finished-at="2024-03-27T21:30:11 EET" duration-ms="10" status="PASS">
          <reporter-output>
          </reporter-output>
        </test-method> <!-- mySetup -->
        <test-method signature="pressonAllNumbersOnlyNumbers()[pri:0, instance:myTestCases.myTestCasess@4a883b15]" started-at="2024-03-27T21:30:11 EET" name="pressonAllNumbersOnlyNumbers" finished-at="2024-03-27T21:30:23 EET" duration-ms="12176" status="PASS">
          <reporter-output>
          </reporter-output>
        </test-method> <!-- pressonAllNumbersOnlyNumbers -->
      </class> <!-- myTestCases.myTestCasess -->
    </test> <!-- Default test -->
  </suite> <!-- Default suite -->
</testng-results>
